# JRE version: OpenJDK Runtime Environment (8.0_202-b03) (build 1.8.0_202-release-1483-b03)
# Java VM: OpenJDK 64-Bit Server VM (25.202-b03 mixed mode windows-amd64 compressed oops)
Heap:
 PSYoungGen      total 430080K, used 228265K [0x00000000e0000000, 0x00000000fc800000, 0x0000000100000000)
  eden space 418304K, 51% used [0x00000000e0000000,0x00000000ed3e56a8,0x00000000f9880000)
  from space 11776K, 95% used [0x00000000fbc80000,0x00000000fc7850d8,0x00000000fc800000)
  to   space 23552K, 0% used [0x00000000f9a00000,0x00000000f9a00000,0x00000000fb100000)
 ParOldGen       total 90624K, used 42666K [0x00000000a0000000, 0x00000000a5880000, 0x00000000e0000000)
  object space 90624K, 47% used [0x00000000a0000000,0x00000000a29aab30,0x00000000a5880000)
 Metaspace       used 75054K, capacity 79004K, committed 79064K, reserved 1118208K
  class space    used 9788K, capacity 10472K, committed 10496K, reserved 1048576K
GC Heap History (10 events):
Event: 14.202 GC heap before
{Heap before GC invocations=11 (full 2):
 PSYoungGen      total 219136K, used 204800K [0x00000000e0000000, 0x00000000f0d00000, 0x0000000100000000)
  eden space 204800K, 100% used [0x00000000e0000000,0x00000000ec800000,0x00000000ec800000)
  from space 14336K, 0% used [0x00000000ed580000,0x00000000ed580000,0x00000000ee380000)
  to   space 13824K, 0% used [0x00000000ec800000,0x00000000ec800000,0x00000000ed580000)
 ParOldGen       total 65024K, used 15353K [0x00000000a0000000, 0x00000000a3f80000, 0x00000000e0000000)
  object space 65024K, 23% used [0x00000000a0000000,0x00000000a0efe4f0,0x00000000a3f80000)
 Metaspace       used 52789K, capacity 54228K, committed 54360K, reserved 1095680K
  class space    used 7154K, capacity 7513K, committed 7552K, reserved 1048576K
Event: 14.240 GC heap after
Heap after GC invocations=11 (full 2):
 PSYoungGen      total 218624K, used 13793K [0x00000000e0000000, 0x00000000f5380000, 0x0000000100000000)
  eden space 204800K, 0% used [0x00000000e0000000,0x00000000e0000000,0x00000000ec800000)
  from space 13824K, 99% used [0x00000000ec800000,0x00000000ed578470,0x00000000ed580000)
  to   space 19968K, 0% used [0x00000000f4000000,0x00000000f4000000,0x00000000f5380000)
 ParOldGen       total 65024K, used 26392K [0x00000000a0000000, 0x00000000a3f80000, 0x00000000e0000000)
  object space 65024K, 40% used [0x00000000a0000000,0x00000000a19c6038,0x00000000a3f80000)
 Metaspace       used 52789K, capacity 54228K, committed 54360K, reserved 1095680K
  class space    used 7154K, capacity 7513K, committed 7552K, reserved 1048576K
}
Event: 15.104 GC heap before
{Heap before GC invocations=12 (full 2):
 PSYoungGen      total 218624K, used 69728K [0x00000000e0000000, 0x00000000f5380000, 0x0000000100000000)
  eden space 204800K, 27% used [0x00000000e0000000,0x00000000e369fbd8,0x00000000ec800000)
  from space 13824K, 99% used [0x00000000ec800000,0x00000000ed578470,0x00000000ed580000)
  to   space 19968K, 0% used [0x00000000f4000000,0x00000000f4000000,0x00000000f5380000)
 ParOldGen       total 65024K, used 26392K [0x00000000a0000000, 0x00000000a3f80000, 0x00000000e0000000)
  object space 65024K, 40% used [0x00000000a0000000,0x00000000a19c6038,0x00000000a3f80000)
 Metaspace       used 57167K, capacity 58934K, committed 59028K, reserved 1099776K
  class space    used 7812K, capacity 8238K, committed 8320K, reserved 1048576K
Event: 15.144 GC heap after
Heap after GC invocations=12 (full 2):
 PSYoungGen      total 326144K, used 16739K [0x00000000e0000000, 0x00000000f5500000, 0x0000000100000000)
  eden space 306176K, 0% used [0x00000000e0000000,0x00000000e0000000,0x00000000f2b00000)
  from space 19968K, 83% used [0x00000000f4000000,0x00000000f5058d98,0x00000000f5380000)
  to   space 21504K, 0% used [0x00000000f2b00000,0x00000000f2b00000,0x00000000f4000000)
 ParOldGen       total 65024K, used 26464K [0x00000000a0000000, 0x00000000a3f80000, 0x00000000e0000000)
  object space 65024K, 40% used [0x00000000a0000000,0x00000000a19d8048,0x00000000a3f80000)
 Metaspace       used 57167K, capacity 58934K, committed 59028K, reserved 1099776K
  class space    used 7812K, capacity 8238K, committed 8320K, reserved 1048576K
}
Event: 15.144 GC heap before
{Heap before GC invocations=13 (full 3):
 PSYoungGen      total 326144K, used 16739K [0x00000000e0000000, 0x00000000f5500000, 0x0000000100000000)
  eden space 306176K, 0% used [0x00000000e0000000,0x00000000e0000000,0x00000000f2b00000)
  from space 19968K, 83% used [0x00000000f4000000,0x00000000f5058d98,0x00000000f5380000)
  to   space 21504K, 0% used [0x00000000f2b00000,0x00000000f2b00000,0x00000000f4000000)
 ParOldGen       total 65024K, used 26464K [0x00000000a0000000, 0x00000000a3f80000, 0x00000000e0000000)
  object space 65024K, 40% used [0x00000000a0000000,0x00000000a19d8048,0x00000000a3f80000)
 Metaspace       used 57167K, capacity 58934K, committed 59028K, reserved 1099776K
  class space    used 7812K, capacity 8238K, committed 8320K, reserved 1048576K
Event: 15.387 GC heap after
Heap after GC invocations=13 (full 3):
 PSYoungGen      total 326144K, used 0K [0x00000000e0000000, 0x00000000f5500000, 0x0000000100000000)
  eden space 306176K, 0% used [0x00000000e0000000,0x00000000e0000000,0x00000000f2b00000)
  from space 19968K, 0% used [0x00000000f4000000,0x00000000f4000000,0x00000000f5380000)
  to   space 21504K, 0% used [0x00000000f2b00000,0x00000000f2b00000,0x00000000f4000000)
 ParOldGen       total 90624K, used 30768K [0x00000000a0000000, 0x00000000a5880000, 0x00000000e0000000)
  object space 90624K, 33% used [0x00000000a0000000,0x00000000a1e0c3d0,0x00000000a5880000)
 Metaspace       used 57036K, capacity 58546K, committed 59028K, reserved 1099776K
  class space    used 7771K, capacity 8166K, committed 8320K, reserved 1048576K
}
Event: 181.367 GC heap before
{Heap before GC invocations=14 (full 3):
 PSYoungGen      total 326144K, used 306176K [0x00000000e0000000, 0x00000000f5500000, 0x0000000100000000)
  eden space 306176K, 100% used [0x00000000e0000000,0x00000000f2b00000,0x00000000f2b00000)
  from space 19968K, 0% used [0x00000000f4000000,0x00000000f4000000,0x00000000f5380000)
  to   space 21504K, 0% used [0x00000000f2b00000,0x00000000f2b00000,0x00000000f4000000)
 ParOldGen       total 90624K, used 30768K [0x00000000a0000000, 0x00000000a5880000, 0x00000000e0000000)
  object space 90624K, 33% used [0x00000000a0000000,0x00000000a1e0c3d0,0x00000000a5880000)
 Metaspace       used 67880K, capacity 70522K, committed 70744K, reserved 1110016K
  class space    used 9022K, capacity 9558K, committed 9600K, reserved 1048576K
Event: 181.402 GC heap after
Heap after GC invocations=14 (full 3):
 PSYoungGen      total 327680K, used 21503K [0x00000000e0000000, 0x00000000fd500000, 0x0000000100000000)
  eden space 306176K, 0% used [0x00000000e0000000,0x00000000e0000000,0x00000000f2b00000)
  from space 21504K, 99% used [0x00000000f2b00000,0x00000000f3fffce0,0x00000000f4000000)
  to   space 25088K, 0% used [0x00000000fbc80000,0x00000000fbc80000,0x00000000fd500000)
 ParOldGen       total 90624K, used 31630K [0x00000000a0000000, 0x00000000a5880000, 0x00000000e0000000)
  object space 90624K, 34% used [0x00000000a0000000,0x00000000a1ee3850,0x00000000a5880000)
 Metaspace       used 67880K, capacity 70522K, committed 70744K, reserved 1110016K
  class space    used 9022K, capacity 9558K, committed 9600K, reserved 1048576K
}
Event: 939.308 GC heap before
{Heap before GC invocations=15 (full 3):
 PSYoungGen      total 327680K, used 327679K [0x00000000e0000000, 0x00000000fd500000, 0x0000000100000000)
  eden space 306176K, 100% used [0x00000000e0000000,0x00000000f2b00000,0x00000000f2b00000)
  from space 21504K, 99% used [0x00000000f2b00000,0x00000000f3fffce0,0x00000000f4000000)
  to   space 25088K, 0% used [0x00000000fbc80000,0x00000000fbc80000,0x00000000fd500000)
 ParOldGen       total 90624K, used 31630K [0x00000000a0000000, 0x00000000a5880000, 0x00000000e0000000)
  object space 90624K, 34% used [0x00000000a0000000,0x00000000a1ee3850,0x00000000a5880000)
 Metaspace       used 73762K, capacity 77248K, committed 77272K, reserved 1116160K
  class space    used 9626K, capacity 10240K, committed 10240K, reserved 1048576K
Event: 939.358 GC heap after
Heap after GC invocations=15 (full 3):
 PSYoungGen      total 430080K, used 11284K [0x00000000e0000000, 0x00000000fc800000, 0x0000000100000000)
  eden space 418304K, 0% used [0x00000000e0000000,0x00000000e0000000,0x00000000f9880000)
  from space 11776K, 95% used [0x00000000fbc80000,0x00000000fc7850d8,0x00000000fc800000)
  to   space 23552K, 0% used [0x00000000f9a00000,0x00000000f9a00000,0x00000000fb100000)
 ParOldGen       total 90624K, used 42666K [0x00000000a0000000, 0x00000000a5880000, 0x00000000e0000000)
  object space 90624K, 47% used [0x00000000a0000000,0x00000000a29aab30,0x00000000a5880000)
 Metaspace       used 73762K, capacity 77248K, committed 77272K, reserved 1116160K
  class space    used 9626K, capacity 10240K, committed 10240K, reserved 1048576K
}

